2023-03-07T19:06:11,406 INFO  org.hibernate.validator.internal.util.Version - HV000001: Hibernate Validator 8.0.0.Final
2023-03-07T19:06:11,475 INFO  com.ms.email.EmailApplication - Starting EmailApplication using Java 17.0.6 with PID 28336 (C:\Users\CarlosSantos\Documents\TreinamentoJavaSpringBoot\email\target\classes started by CarlosSantos in C:\Users\CarlosSantos\Documents\TreinamentoJavaSpringBoot\email)
2023-03-07T19:06:11,481 DEBUG com.ms.email.EmailApplication - Running with Spring Boot v3.0.4, Spring v6.0.6
2023-03-07T19:06:11,482 INFO  com.ms.email.EmailApplication - No active profile set, falling back to 1 default profile: "default"
2023-03-07T19:06:12,241 INFO  org.springframework.data.repository.config.RepositoryConfigurationDelegate - Bootstrapping Spring Data JPA repositories in DEFAULT mode.
2023-03-07T19:06:12,340 INFO  org.springframework.data.repository.config.RepositoryConfigurationDelegate - Finished Spring Data repository scanning in 64 ms. Found 1 JPA repository interfaces.
2023-03-07T19:06:13,097 INFO  org.springframework.boot.web.embedded.tomcat.TomcatWebServer - Tomcat initialized with port(s): 8080 (http)
2023-03-07T19:06:13,107 INFO  org.apache.coyote.http11.Http11NioProtocol - Initializing ProtocolHandler ["http-nio-8080"]
2023-03-07T19:06:13,111 INFO  org.apache.catalina.core.StandardService - Starting service [Tomcat]
2023-03-07T19:06:13,112 INFO  org.apache.catalina.core.StandardEngine - Starting Servlet engine: [Apache Tomcat/10.1.5]
2023-03-07T19:06:13,236 INFO  org.apache.catalina.core.ContainerBase.[Tomcat].[localhost].[/] - Initializing Spring embedded WebApplicationContext
2023-03-07T19:06:13,239 INFO  org.springframework.boot.web.servlet.context.ServletWebServerApplicationContext - Root WebApplicationContext: initialization completed in 1699 ms
2023-03-07T19:06:13,426 INFO  org.hibernate.jpa.internal.util.LogHelper - HHH000204: Processing PersistenceUnitInfo [name: default]
2023-03-07T19:06:13,490 INFO  org.hibernate.Version - HHH000412: Hibernate ORM core version 6.1.7.Final
2023-03-07T19:06:13,738 INFO  com.zaxxer.hikari.HikariDataSource - HikariPool-1 - Starting...
2023-03-07T19:06:13,954 INFO  com.zaxxer.hikari.pool.HikariPool - HikariPool-1 - Added connection org.postgresql.jdbc.PgConnection@531a716c
2023-03-07T19:06:13,969 INFO  com.zaxxer.hikari.HikariDataSource - HikariPool-1 - Start completed.
2023-03-07T19:06:14,019 INFO  SQL dialect - HHH000400: Using dialect: org.hibernate.dialect.PostgreSQLDialect
2023-03-07T19:06:14,800 INFO  org.hibernate.engine.transaction.jta.platform.internal.JtaPlatformInitiator - HHH000490: Using JtaPlatform implementation: [org.hibernate.engine.transaction.jta.platform.internal.NoJtaPlatform]
2023-03-07T19:06:14,818 INFO  org.springframework.orm.jpa.LocalContainerEntityManagerFactoryBean - Initialized JPA EntityManagerFactory for persistence unit 'default'
2023-03-07T19:06:15,174 WARN  org.springframework.boot.autoconfigure.orm.jpa.JpaBaseConfiguration$JpaWebConfiguration - spring.jpa.open-in-view is enabled by default. Therefore, database queries may be performed during view rendering. Explicitly configure spring.jpa.open-in-view to disable this warning
2023-03-07T19:06:15,772 INFO  org.apache.coyote.http11.Http11NioProtocol - Starting ProtocolHandler ["http-nio-8080"]
2023-03-07T19:06:15,812 INFO  org.springframework.boot.web.embedded.tomcat.TomcatWebServer - Tomcat started on port(s): 8080 (http) with context path ''
2023-03-07T19:06:15,818 INFO  org.springframework.amqp.rabbit.connection.CachingConnectionFactory - Attempting to connect to: [rattlesnake.rmq.cloudamqp.com:5671]
2023-03-07T19:06:17,425 INFO  org.springframework.amqp.rabbit.connection.CachingConnectionFactory - Created new connection: rabbitConnectionFactory#3fc2a1d1:0/SimpleConnection@4ed74d03 [delegate=amqp://jspnxcjz@18.135.60.254:5671/jspnxcjz, localPort=65275]
2023-03-07T19:06:18,893 INFO  com.ms.email.EmailApplication - Started EmailApplication in 8.011 seconds (process running for 8.647)
2023-03-07T19:07:07,545 INFO  org.apache.catalina.core.ContainerBase.[Tomcat].[localhost].[/] - Initializing Spring DispatcherServlet 'dispatcherServlet'
2023-03-07T19:07:07,546 INFO  org.springframework.web.servlet.DispatcherServlet - Initializing Servlet 'dispatcherServlet'
2023-03-07T19:07:07,548 INFO  org.springframework.web.servlet.DispatcherServlet - Completed initialization in 1 ms
2023-03-07T19:07:07,618 TRACE com.ms.email.controllers.EmailController - TRACE
2023-03-07T19:07:07,619 DEBUG com.ms.email.controllers.EmailController - DEBUG
2023-03-07T19:07:07,620 INFO  com.ms.email.controllers.EmailController - INFO
2023-03-07T19:07:07,620 WARN  com.ms.email.controllers.EmailController - WARN
2023-03-07T19:07:07,620 ERROR com.ms.email.controllers.EmailController - ERROR
2023-03-07T19:07:07,621 FATAL com.ms.email.controllers.EmailController - FATAL
2023-03-07T19:52:13,955 WARN  com.zaxxer.hikari.pool.HikariPool - HikariPool-1 - Thread starvation or clock leap detected (housekeeper delta=34m59s662ms462µs599ns).
2023-03-07T19:52:21,236 TRACE com.ms.email.controllers.EmailController - TRACE
2023-03-07T19:52:21,237 DEBUG com.ms.email.controllers.EmailController - DEBUG
2023-03-07T19:52:21,237 INFO  com.ms.email.controllers.EmailController - INFO
2023-03-07T19:52:21,237 WARN  com.ms.email.controllers.EmailController - WARN
2023-03-07T19:52:21,238 ERROR com.ms.email.controllers.EmailController - ERROR
2023-03-07T19:52:21,238 FATAL com.ms.email.controllers.EmailController - FATAL
2023-03-07T19:52:36,104 WARN  com.rabbitmq.client.impl.ForgivingExceptionHandler - An unexpected connection driver error occurred (Exception message: Connection reset)
2023-03-07T19:52:36,309 INFO  org.springframework.amqp.rabbit.listener.SimpleMessageListenerContainer - Restarting Consumer@1b4ade78: tags=[[amq.ctag-r7Zj1QW4T_38iCVs9uf8cg]], channel=Cached Rabbit Channel: AMQChannel(amqp://jspnxcjz@18.135.60.254:5671/jspnxcjz,1), conn: Proxy@5de32e00 Shared Rabbit Connection: SimpleConnection@4ed74d03 [delegate=amqp://jspnxcjz@18.135.60.254:5671/jspnxcjz, localPort=65275], acknowledgeMode=AUTO local queue size=0
2023-03-07T19:52:36,316 INFO  org.springframework.amqp.rabbit.connection.CachingConnectionFactory - Attempting to connect to: [rattlesnake.rmq.cloudamqp.com:5671]
2023-03-07T19:52:37,757 INFO  org.springframework.amqp.rabbit.connection.CachingConnectionFactory - Created new connection: rabbitConnectionFactory#3fc2a1d1:1/SimpleConnection@4f18ca3a [delegate=amqp://jspnxcjz@18.135.60.254:5671/jspnxcjz, localPort=65415]
